<?xml version="1.0" encoding="UTF-8"?>
<coverage generated="1622230564723" clover="3.2.0">
  <project timestamp="1622230564723" name="All files">
    <metrics statements="15" coveredstatements="15" conditionals="4" coveredconditionals="4" methods="4" coveredmethods="4" elements="23" coveredelements="23" complexity="0" loc="15" ncloc="15" packages="1" files="2" classes="2"/>
    <file name="index.js" path="/home/yagoazevedo/workspace/planet-poc/src/Pages/Planet/index.js">
      <metrics statements="13" coveredstatements="13" conditionals="4" coveredconditionals="4" methods="4" coveredmethods="4"/>
      <line num="7" count="5" type="stmt"/>
      <line num="8" count="5" type="stmt"/>
      <line num="9" count="5" type="stmt"/>
      <line num="10" count="5" type="stmt"/>
      <line num="11" count="5" type="stmt"/>
      <line num="12" count="5" type="stmt"/>
      <line num="14" count="5" type="stmt"/>
      <line num="15" count="1" type="stmt"/>
      <line num="17" count="1" type="stmt"/>
      <line num="18" count="1" type="stmt"/>
      <line num="19" count="1" type="stmt"/>
      <line num="24" count="5" type="stmt"/>
      <line num="39" count="1" type="stmt"/>
    </file>
    <file name="styles.tsx" path="/home/yagoazevedo/workspace/planet-poc/src/Pages/Planet/styles.tsx">
      <metrics statements="2" coveredstatements="2" conditionals="0" coveredconditionals="0" methods="0" coveredmethods="0"/>
      <line num="3" count="1" type="stmt"/>
      <line num="9" count="1" type="stmt"/>
    </file>
  </project>
</coverage>
