{"/home/yagoazevedo/workspace/planet-poc/src/Pages/Planet/index.js": {"path":"/home/yagoazevedo/workspace/planet-poc/src/Pages/Planet/index.js","statementMap":{"0":{"start":{"line":7,"column":34},"end":{"line":7,"column":46}},"1":{"start":{"line":8,"column":28},"end":{"line":8,"column":40}},"2":{"start":{"line":9,"column":36},"end":{"line":9,"column":48}},"3":{"start":{"line":10,"column":34},"end":{"line":10,"column":49}},"4":{"start":{"line":11,"column":17},"end":{"line":11,"column":59}},"5":{"start":{"line":12,"column":14},"end":{"line":12,"column":69}},"6":{"start":{"line":14,"column":2},"end":{"line":22,"column":9}},"7":{"start":{"line":15,"column":4},"end":{"line":21,"column":6}},"8":{"start":{"line":17,"column":8},"end":{"line":17,"column":39}},"9":{"start":{"line":18,"column":8},"end":{"line":18,"column":38}},"10":{"start":{"line":19,"column":8},"end":{"line":19,"column":45}},"11":{"start":{"line":24,"column":2},"end":{"line":41,"column":4}},"12":{"start":{"line":39,"column":29},"end":{"line":39,"column":51}}},"fnMap":{"0":{"name":"App","decl":{"start":{"line":6,"column":9},"end":{"line":6,"column":12}},"loc":{"start":{"line":6,"column":15},"end":{"line":42,"column":1}},"line":6},"1":{"name":"(anonymous_1)","decl":{"start":{"line":14,"column":12},"end":{"line":14,"column":13}},"loc":{"start":{"line":14,"column":18},"end":{"line":22,"column":3}},"line":14},"2":{"name":"(anonymous_2)","decl":{"start":{"line":16,"column":6},"end":{"line":16,"column":7}},"loc":{"start":{"line":16,"column":18},"end":{"line":20,"column":7}},"line":16},"3":{"name":"(anonymous_3)","decl":{"start":{"line":39,"column":23},"end":{"line":39,"column":24}},"loc":{"start":{"line":39,"column":29},"end":{"line":39,"column":51}},"line":39}},"branchMap":{"0":{"loc":{"start":{"line":28,"column":10},"end":{"line":29,"column":61}},"type":"binary-expr","locations":[{"start":{"line":28,"column":10},"end":{"line":28,"column":18}},{"start":{"line":29,"column":12},"end":{"line":29,"column":61}}],"line":28},"1":{"loc":{"start":{"line":35,"column":8},"end":{"line":36,"column":43}},"type":"binary-expr","locations":[{"start":{"line":35,"column":8},"end":{"line":35,"column":16}},{"start":{"line":36,"column":9},"end":{"line":36,"column":43}}],"line":35}},"s":{"0":5,"1":5,"2":5,"3":5,"4":5,"5":5,"6":5,"7":1,"8":1,"9":1,"10":1,"11":5,"12":1},"f":{"0":5,"1":1,"2":1,"3":1},"b":{"0":[5,4],"1":[5,1]},"_coverageSchema":"1a1c01bbd47fc00a2c39e90264f33305004495a9","hash":"2c6d6b7135437719b2b8ed4dd2d88f1f70f5c297"}
,"/home/yagoazevedo/workspace/planet-poc/src/Pages/Planet/styles.tsx": {"path":"/home/yagoazevedo/workspace/planet-poc/src/Pages/Planet/styles.tsx","statementMap":{"0":{"start":{"line":3,"column":25},"end":{"line":7,"column":1}},"1":{"start":{"line":9,"column":24},"end":{"line":11,"column":1}}},"fnMap":{},"branchMap":{},"s":{"0":1,"1":1},"f":{},"b":{},"_coverageSchema":"1a1c01bbd47fc00a2c39e90264f33305004495a9","hash":"9972db84ea8ffbb3878cf5651078b047e9dc79b0"}
}
